root@0691dfed0aa1:/vagrant# raco test \
>   ++arg --param-saved-params ++arg GhostMinion \
>   ++arg --param-saved-sizes ++arg GhostMinion \
>   src/main_veriSpec.rkt
raco test: "src/main_veriSpec.rkt" "--param-saved-params" "GhostMinion" "--param-saved-sizes" "GhostMinion"
Tests for veriSpec
[ RUN      ] "get-bug-info"
Finish Symbolic Execution.
Finish STM Solver.
Find Counterexample.
CPU:
debug-commitLog: ()  underSpec: #f  specBr-ROBlink(bv #b00 2)
memi: history: ()
Dcache:
  history: (0 0 0 0 0 0 0 0 )(0 0 0 0 0 0 0 0 ), invisi: (0 0 0 0 0 0 0 0 )(0 0 0 0 0 0 0 0 )
  absArbiter: timFct: (0 0 0 0 )valid: (0 0 0 0 )
  absDelay:   history-valid: (0 0 0 0 0 0 0 0 )history-timFct: (0 0 0 0 0 0 0 0 )buffer-valid: (0 0 0 0 0 0 0 0 )buffer-brID: (0 0 0 0 0 0 0 0 )
adder:
  absArbiter: timFct: (0 0 0 0 )valid: (0 0 0 0 )
  absDelay:   history-valid: (0 0 0 0 0 0 0 0 )history-timFct: (0 0 0 0 0 0 0 0 )buffer-valid: (0 0 0 0 0 0 0 0 )buffer-brID: (0 0 0 0 0 0 0 0 )
ROB:
  head: 0, tail: 0
  idle: (#t #t #t #t ), waiting: (#f #f #f #f )
  executing: (#f #f #f #f ), finished: (#f #f #f #f )
  pc: (0 0 0 0 ), op: (0 0 0 0 ), brID: (0 0 0 0 )
  underSpec: (#f #f #f #f ), specBr-ROBlink: (0 0 0 0 )



datainReady: #f  ROBlink: (bv #b00 2)
datainReady: #f  ROBlink: (bv #b00 2)
datainReady: #f  ROBlink: (bv #b00 2)
squash-E: #f  misPredBr-ROBlink-E: (bv #b00 2)  misPredBr-brID-E: (bv #xf 4)  nextPC-E: (bv #x0 4)
CPU:
debug-commitLog: ()  underSpec: #f  specBr-ROBlink(bv #b00 2)
memi: history: (0 1 )
Dcache:
  history: (0 0 0 0 0 0 0 0 )(0 0 0 0 0 0 0 0 ), invisi: (0 0 0 0 0 0 0 0 )(0 0 0 0 0 0 0 0 )
  absArbiter: timFct: (0 0 0 0 )valid: (0 0 0 0 )
  absDelay:   history-valid: (0 0 0 0 0 0 0 0 )history-timFct: (0 0 0 0 0 0 0 0 )buffer-valid: (0 0 0 0 0 0 0 0 )buffer-brID: (0 0 0 0 0 0 0 0 )
adder:
  absArbiter: timFct: (0 0 0 0 )valid: (0 0 0 0 )
  absDelay:   history-valid: (0 0 0 0 0 0 0 0 )history-timFct: (0 0 0 0 0 0 0 0 )buffer-valid: (0 0 0 0 0 0 0 0 )buffer-brID: (0 0 0 0 0 0 0 0 )
ROB:
  head: 0, tail: 0
  idle: (#t #t #t #t ), waiting: (#f #f #f #f )
  executing: (#f #f #f #f ), finished: (#f #f #f #f )
  pc: (0 0 0 0 ), op: (0 0 0 0 ), brID: (0 0 0 0 )
  underSpec: (#f #f #f #f ), specBr-ROBlink: (0 0 0 0 )



datainReady: #f  ROBlink: (bv #b00 2)
datainReady: #f  ROBlink: (bv #b00 2)
datainReady: #f  ROBlink: (bv #b00 2)
squash-E: #f  misPredBr-ROBlink-E: (bv #b00 2)  misPredBr-brID-E: (bv #xf 4)  nextPC-E: (bv #x0 4)
---->pc: (bv #x0 4)  underSpec: #f  specBr-ROBlink: (bv #b00 2)
---->pc: (bv #x1 4)  underSpec: #f  specBr-ROBlink: (bv #b01 2)
---->pc: (bv #x2 4)  underSpec: #t
CPU:
debug-commitLog: ()  underSpec: #f  specBr-ROBlink(bv #b00 2)
memi: history: (0 1 2 11 )
Dcache:
  history: (0 0 0 0 0 0 0 0 )(0 0 0 0 0 0 0 0 ), invisi: (0 0 0 0 0 0 0 0 )(0 0 0 0 0 0 0 0 )
  absArbiter: timFct: (0 0 0 0 )valid: (0 0 0 0 )
  absDelay:   history-valid: (0 0 0 0 0 0 0 0 )history-timFct: (0 0 0 0 0 0 0 0 )buffer-valid: (0 0 0 0 0 0 0 0 )buffer-brID: (0 0 0 0 0 0 0 0 )
adder:
  absArbiter: timFct: (0 0 0 0 )valid: (0 0 0 0 )
  absDelay:   history-valid: (0 0 0 0 0 0 0 0 )history-timFct: (0 0 0 0 0 0 0 0 )buffer-valid: (0 0 0 0 0 0 0 0 )buffer-brID: (0 0 0 0 0 0 0 0 )
ROB:
  head: 0, tail: 2
  idle: (#f #f #t #t ), waiting: (#t #t #f #f )
  executing: (#f #f #f #f ), finished: (#f #f #f #f )
  pc: (0 1 0 0 ), op: (3 1 0 0 ), brID: (0 1 0 0 )
  underSpec: (#f #f #f #f ), specBr-ROBlink: (0 0 0 0 )



datainReady: #t  ROBlink: (bv #b01 2)
datainReady: #f  ROBlink: (bv #b00 2)
datainReady: #t  ROBlink: (bv #b00 2)
squash-E: #f  misPredBr-ROBlink-E: (bv #b00 2)  misPredBr-brID-E: (bv #xf 4)  nextPC-E: (bv #x0 4)
---->pc: (bv #x2 4)  underSpec: #t  specBr-ROBlink: (bv #b10 2)
---->pc: (bv #xb 4)  underSpec: #f  specBr-ROBlink: (bv #b11 2)
---->pc: (bv #xd 4)  underSpec: #t
return ROBlink: (bv #b01 2)
CPU:
debug-commitLog: ()  underSpec: #t  specBr-ROBlink(bv #b10 2)
memi: history: (0 1 2 11 12 13 )
Dcache:
  history: (0 0 1 0 0 0 0 0 )(0 0 0 0 0 0 0 0 ), invisi: (0 0 0 0 0 0 0 0 )(0 0 0 0 0 0 0 0 )
  absArbiter: timFct: (0 0 0 0 )valid: (0 0 0 0 )
  absDelay:   history-valid: (0 0 0 0 0 0 0 0 )history-timFct: (0 0 0 0 0 0 0 0 )buffer-valid: (0 0 0 0 0 0 0 0 )buffer-brID: (0 0 0 0 0 0 0 0 )
adder:
  absArbiter: timFct: (0 0 0 0 )valid: (0 0 0 0 )
  absDelay:   history-valid: (0 0 1 0 0 0 0 0 )history-timFct: (0 0 0 0 0 0 0 0 )buffer-valid: (0 0 0 0 0 0 0 0 )buffer-brID: (0 0 1 0 0 0 0 0 )
ROB:
  head: 0, tail: 0
  idle: (#f #f #f #f ), waiting: (#f #f #t #t )
  executing: (#f #f #f #f ), finished: (#t #t #f #f )
  pc: (0 1 2 11 ), op: (3 1 5 3 ), brID: (0 1 2 3 )
  underSpec: (#f #f #f #t ), specBr-ROBlink: (0 0 0 2 )



datainReady: #f  ROBlink: (bv #b00 2)
datainReady: #f  ROBlink: (bv #b00 2)
datainReady: #t  ROBlink: (bv #b11 2)
squash-E: #f  misPredBr-ROBlink-E: (bv #b00 2)  misPredBr-brID-E: (bv #xf 4)  nextPC-E: (bv #x0 4)
---->pc: (bv #xc 4)  underSpec: #f  specBr-ROBlink: (bv #b00 2)
---->pc: (bv #x9 4)  underSpec: #t
---->pc: (bv #x2 4)  underSpec: #t
return ROBlink: (bv #b11 2)
CPU:
debug-commitLog: ((0 1 2))  underSpec: #t  specBr-ROBlink(bv #b10 2)
memi: history: (0 1 2 11 12 13 9 2 )
Dcache:
  history: (0 0 1 0 0 0 0 0 )(0 0 0 0 0 0 0 0 ), invisi: (0 0 0 1 0 0 0 0 )(0 0 0 2 0 0 0 0 )
  absArbiter: timFct: (0 0 0 0 )valid: (0 0 0 0 )
  absDelay:   history-valid: (0 0 0 1 0 0 0 0 )history-timFct: (0 0 0 2 0 0 0 0 )buffer-valid: (0 0 0 0 0 0 0 0 )buffer-brID: (0 0 0 3 0 0 0 0 )
adder:
  absArbiter: timFct: (0 0 0 0 )valid: (0 0 0 0 )
  absDelay:   history-valid: (0 0 1 0 0 0 0 0 )history-timFct: (0 0 0 0 0 0 0 0 )buffer-valid: (0 0 0 0 0 0 0 0 )buffer-brID: (0 0 1 0 0 0 0 0 )
ROB:
  head: 1, tail: 1
  idle: (#f #f #f #f ), waiting: (#t #f #f #f )
  executing: (#f #f #f #f ), finished: (#f #t #t #t )
  pc: (12 1 2 11 ), op: (3 1 5 3 ), brID: (4 1 2 3 )
  underSpec: (#t #f #f #t ), specBr-ROBlink: (2 0 0 2 )



datainReady: #f  ROBlink: (bv #b00 2)
datainReady: #f  ROBlink: (bv #b00 2)
datainReady: #t  ROBlink: (bv #b00 2)
squash-E: #f  misPredBr-ROBlink-E: (bv #b00 2)  misPredBr-brID-E: (bv #xf 4)  nextPC-E: (bv #x0 4)
---->pc: (bv #xd 4)  underSpec: #t  specBr-ROBlink: (bv #b01 2)
CPU:
debug-commitLog: ((0 1 2) (1 0 1))  underSpec: #t  specBr-ROBlink(bv #b01 2)
memi: history: (0 1 2 11 12 13 9 2 11 12 )
Dcache:
  history: (0 0 1 0 0 0 0 0 )(0 0 0 0 0 0 0 0 ), invisi: (0 0 0 1 1 0 0 0 )(0 0 0 2 3 0 0 0 )
  absArbiter: timFct: (0 0 0 0 )valid: (0 0 0 0 )
  absDelay:   history-valid: (0 0 0 1 0 0 0 0 )history-timFct: (0 0 0 2 0 0 0 0 )buffer-valid: (0 0 0 0 0 0 0 0 )buffer-brID: (0 0 0 3 0 0 0 0 )
adder:
  absArbiter: timFct: (0 0 0 0 )valid: (0 0 0 0 )
  absDelay:   history-valid: (0 0 1 0 0 0 0 0 )history-timFct: (0 0 0 0 0 0 0 0 )buffer-valid: (0 0 0 0 0 0 0 0 )buffer-brID: (0 0 1 0 0 0 0 0 )
ROB:
  head: 2, tail: 2
  idle: (#f #f #f #f ), waiting: (#f #t #f #f )
  executing: (#f #f #f #f ), finished: (#t #f #t #t )
  pc: (12 13 2 11 ), op: (3 5 5 3 ), brID: (4 5 2 3 )
  underSpec: (#t #t #f #t ), specBr-ROBlink: (2 2 0 2 )



datainReady: #f  ROBlink: (bv #b00 2)
datainReady: #f  ROBlink: (bv #b00 2)
datainReady: #f  ROBlink: (bv #b00 2)
squash-E: #f  misPredBr-ROBlink-E: (bv #b00 2)  misPredBr-brID-E: (bv #xf 4)  nextPC-E: (bv #x0 4)
CPU:
debug-commitLog: ((0 1 2) (1 0 1) (2))  underSpec: #f  specBr-ROBlink(bv #b01 2)
memi: history: (0 1 2 11 12 13 9 2 11 12 3 4 )
Dcache:
  history: (0 0 1 0 0 0 0 0 )(0 0 0 0 0 0 0 0 ), invisi: (0 0 0 1 1 0 0 0 )(0 0 0 2 3 0 0 0 )
  absArbiter: timFct: (0 0 0 0 )valid: (0 0 0 0 )
  absDelay:   history-valid: (0 0 0 1 0 0 0 0 )history-timFct: (0 0 0 2 0 0 0 0 )buffer-valid: (0 0 0 0 0 0 0 0 )buffer-brID: (0 0 0 0 0 0 0 0 )
adder:
  absArbiter: timFct: (0 0 0 0 )valid: (0 0 0 0 )
  absDelay:   history-valid: (0 0 0 0 0 0 0 0 )history-timFct: (0 0 0 0 0 0 0 0 )buffer-valid: (0 0 0 0 0 0 0 0 )buffer-brID: (0 0 0 0 0 0 0 0 )
ROB:
  head: 0, tail: 0
  idle: (#t #t #t #t ), waiting: (#f #f #f #f )
  executing: (#f #f #f #f ), finished: (#f #f #f #f )
  pc: (0 0 0 0 ), op: (0 0 0 0 ), brID: (0 0 0 0 )
  underSpec: (#f #f #f #f ), specBr-ROBlink: (0 0 0 0 )



datainReady: #f  ROBlink: (bv #b00 2)
datainReady: #f  ROBlink: (bv #b00 2)
datainReady: #f  ROBlink: (bv #b00 2)
squash-E: #f  misPredBr-ROBlink-E: (bv #b00 2)  misPredBr-brID-E: (bv #xf 4)  nextPC-E: (bv #x0 4)
---->pc: (bv #x3 4)  underSpec: #f  specBr-ROBlink: (bv #b00 2)
---->pc: (bv #x4 4)  underSpec: #f  specBr-ROBlink: (bv #b01 2)
CPU:
debug-commitLog: ((0 1 2) (1 0 1) (2))  underSpec: #f  specBr-ROBlink(bv #b01 2)
memi: history: (0 1 2 11 12 13 9 2 11 12 3 4 5 6 )
Dcache:
  history: (0 0 1 0 0 0 0 0 )(0 0 0 0 0 0 0 0 ), invisi: (0 0 0 1 1 0 0 0 )(0 0 0 2 3 0 0 0 )
  absArbiter: timFct: (0 0 0 0 )valid: (0 0 0 0 )
  absDelay:   history-valid: (0 0 0 1 0 0 0 0 )history-timFct: (0 0 0 2 0 0 0 0 )buffer-valid: (0 0 0 0 0 0 0 0 )buffer-brID: (0 0 0 0 0 0 0 0 )
adder:
  absArbiter: timFct: (0 0 0 0 )valid: (0 0 0 0 )
  absDelay:   history-valid: (0 0 0 0 0 0 0 0 )history-timFct: (0 0 0 0 0 0 0 0 )buffer-valid: (0 0 0 0 0 0 0 0 )buffer-brID: (0 0 0 0 0 0 0 0 )
ROB:
  head: 0, tail: 2
  idle: (#f #f #t #t ), waiting: (#t #t #f #f )
  executing: (#f #f #f #f ), finished: (#f #f #f #f )
  pc: (3 4 0 0 ), op: (2 3 0 0 ), brID: (6 7 0 0 )
  underSpec: (#f #f #f #f ), specBr-ROBlink: (1 1 0 0 )



datainReady: #f  ROBlink: (bv #b00 2)
datainReady: #t  ROBlink: (bv #b00 2)
datainReady: #t  ROBlink: (bv #b01 2)
squash-E: #f  misPredBr-ROBlink-E: (bv #b00 2)  misPredBr-brID-E: (bv #xf 4)  nextPC-E: (bv #x0 4)
return ROBlink: (bv #b00 2)
return ROBlink: (bv #b01 2)
CPU:
debug-commitLog: ()  underSpec: #f  specBr-ROBlink(bv #b00 2)
memi: history: ()
Dcache:
  history: (0 0 0 0 0 0 0 0 )(0 0 0 0 0 0 0 0 ), invisi: (0 0 0 0 0 0 0 0 )(0 0 0 0 0 0 0 0 )
  absArbiter: timFct: (0 0 0 0 )valid: (0 0 0 0 )
  absDelay:   history-valid: (0 0 0 0 0 0 0 0 )history-timFct: (0 0 0 0 0 0 0 0 )buffer-valid: (0 0 0 0 0 0 0 0 )buffer-brID: (0 0 0 0 0 0 0 0 )
adder:
  absArbiter: timFct: (0 0 0 0 )valid: (0 0 0 0 )
  absDelay:   history-valid: (0 0 0 0 0 0 0 0 )history-timFct: (0 0 0 0 0 0 0 0 )buffer-valid: (0 0 0 0 0 0 0 0 )buffer-brID: (0 0 0 0 0 0 0 0 )
ROB:
  head: 0, tail: 0
  idle: (#t #t #t #t ), waiting: (#f #f #f #f )
  executing: (#f #f #f #f ), finished: (#f #f #f #f )
  pc: (0 0 0 0 ), op: (0 0 0 0 ), brID: (0 0 0 0 )
  underSpec: (#f #f #f #f ), specBr-ROBlink: (0 0 0 0 )



datainReady: #f  ROBlink: (bv #b00 2)
datainReady: #f  ROBlink: (bv #b00 2)
datainReady: #f  ROBlink: (bv #b00 2)
squash-E: #f  misPredBr-ROBlink-E: (bv #b00 2)  misPredBr-brID-E: (bv #xf 4)  nextPC-E: (bv #x0 4)
CPU:
debug-commitLog: ()  underSpec: #f  specBr-ROBlink(bv #b00 2)
memi: history: (0 1 )
Dcache:
  history: (0 0 0 0 0 0 0 0 )(0 0 0 0 0 0 0 0 ), invisi: (0 0 0 0 0 0 0 0 )(0 0 0 0 0 0 0 0 )
  absArbiter: timFct: (0 0 0 0 )valid: (0 0 0 0 )
  absDelay:   history-valid: (0 0 0 0 0 0 0 0 )history-timFct: (0 0 0 0 0 0 0 0 )buffer-valid: (0 0 0 0 0 0 0 0 )buffer-brID: (0 0 0 0 0 0 0 0 )
adder:
  absArbiter: timFct: (0 0 0 0 )valid: (0 0 0 0 )
  absDelay:   history-valid: (0 0 0 0 0 0 0 0 )history-timFct: (0 0 0 0 0 0 0 0 )buffer-valid: (0 0 0 0 0 0 0 0 )buffer-brID: (0 0 0 0 0 0 0 0 )
ROB:
  head: 0, tail: 0
  idle: (#t #t #t #t ), waiting: (#f #f #f #f )
  executing: (#f #f #f #f ), finished: (#f #f #f #f )
  pc: (0 0 0 0 ), op: (0 0 0 0 ), brID: (0 0 0 0 )
  underSpec: (#f #f #f #f ), specBr-ROBlink: (0 0 0 0 )



datainReady: #f  ROBlink: (bv #b00 2)
datainReady: #f  ROBlink: (bv #b00 2)
datainReady: #f  ROBlink: (bv #b00 2)
squash-E: #f  misPredBr-ROBlink-E: (bv #b00 2)  misPredBr-brID-E: (bv #xf 4)  nextPC-E: (bv #x0 4)
---->pc: (bv #x0 4)  underSpec: #f  specBr-ROBlink: (bv #b00 2)
---->pc: (bv #x1 4)  underSpec: #f  specBr-ROBlink: (bv #b01 2)
---->pc: (bv #x2 4)  underSpec: #t
CPU:
debug-commitLog: ()  underSpec: #f  specBr-ROBlink(bv #b00 2)
memi: history: (0 1 2 11 )
Dcache:
  history: (0 0 0 0 0 0 0 0 )(0 0 0 0 0 0 0 0 ), invisi: (0 0 0 0 0 0 0 0 )(0 0 0 0 0 0 0 0 )
  absArbiter: timFct: (0 0 0 0 )valid: (0 0 0 0 )
  absDelay:   history-valid: (0 0 0 0 0 0 0 0 )history-timFct: (0 0 0 0 0 0 0 0 )buffer-valid: (0 0 0 0 0 0 0 0 )buffer-brID: (0 0 0 0 0 0 0 0 )
adder:
  absArbiter: timFct: (0 0 0 0 )valid: (0 0 0 0 )
  absDelay:   history-valid: (0 0 0 0 0 0 0 0 )history-timFct: (0 0 0 0 0 0 0 0 )buffer-valid: (0 0 0 0 0 0 0 0 )buffer-brID: (0 0 0 0 0 0 0 0 )
ROB:
  head: 0, tail: 2
  idle: (#f #f #t #t ), waiting: (#t #t #f #f )
  executing: (#f #f #f #f ), finished: (#f #f #f #f )
  pc: (0 1 0 0 ), op: (3 1 0 0 ), brID: (0 1 0 0 )
  underSpec: (#f #f #f #f ), specBr-ROBlink: (0 0 0 0 )



datainReady: #t  ROBlink: (bv #b01 2)
datainReady: #f  ROBlink: (bv #b00 2)
datainReady: #t  ROBlink: (bv #b00 2)
squash-E: #f  misPredBr-ROBlink-E: (bv #b00 2)  misPredBr-brID-E: (bv #xf 4)  nextPC-E: (bv #x0 4)
---->pc: (bv #x2 4)  underSpec: #t  specBr-ROBlink: (bv #b10 2)
---->pc: (bv #xb 4)  underSpec: #f  specBr-ROBlink: (bv #b11 2)
---->pc: (bv #xd 4)  underSpec: #t
return ROBlink: (bv #b01 2)
CPU:
debug-commitLog: ()  underSpec: #t  specBr-ROBlink(bv #b10 2)
memi: history: (0 1 2 11 12 13 )
Dcache:
  history: (0 0 1 0 0 0 0 0 )(0 0 0 0 0 0 0 0 ), invisi: (0 0 0 0 0 0 0 0 )(0 0 0 0 0 0 0 0 )
  absArbiter: timFct: (0 0 0 0 )valid: (0 0 0 0 )
  absDelay:   history-valid: (0 0 0 0 0 0 0 0 )history-timFct: (0 0 0 0 0 0 0 0 )buffer-valid: (0 0 0 0 0 0 0 0 )buffer-brID: (0 0 0 0 0 0 0 0 )
adder:
  absArbiter: timFct: (0 0 0 0 )valid: (0 0 0 0 )
  absDelay:   history-valid: (0 0 1 0 0 0 0 0 )history-timFct: (0 0 0 0 0 0 0 0 )buffer-valid: (0 0 0 0 0 0 0 0 )buffer-brID: (0 0 1 0 0 0 0 0 )
ROB:
  head: 0, tail: 0
  idle: (#f #f #f #f ), waiting: (#f #f #t #t )
  executing: (#f #f #f #f ), finished: (#t #t #f #f )
  pc: (0 1 2 11 ), op: (3 1 5 3 ), brID: (0 1 2 3 )
  underSpec: (#f #f #f #t ), specBr-ROBlink: (0 0 0 2 )



datainReady: #f  ROBlink: (bv #b00 2)
datainReady: #f  ROBlink: (bv #b00 2)
datainReady: #t  ROBlink: (bv #b11 2)
squash-E: #f  misPredBr-ROBlink-E: (bv #b00 2)  misPredBr-brID-E: (bv #xf 4)  nextPC-E: (bv #x0 4)
---->pc: (bv #xc 4)  underSpec: #f  specBr-ROBlink: (bv #b00 2)
---->pc: (bv #x9 4)  underSpec: #t
---->pc: (bv #x2 4)  underSpec: #t
return ROBlink: (bv #b11 2)
CPU:
debug-commitLog: ((0 1 3))  underSpec: #t  specBr-ROBlink(bv #b10 2)
memi: history: (0 1 2 11 12 13 9 2 )
Dcache:
  history: (0 0 1 0 0 0 0 0 )(0 0 0 0 0 0 0 0 ), invisi: (0 0 0 1 0 0 0 0 )(0 0 0 3 0 0 0 0 )
  absArbiter: timFct: (0 0 0 0 )valid: (0 0 0 0 )
  absDelay:   history-valid: (0 0 0 1 0 0 0 0 )history-timFct: (0 0 0 3 0 0 0 0 )buffer-valid: (0 0 0 0 0 0 0 0 )buffer-brID: (0 0 0 3 0 0 0 0 )
adder:
  absArbiter: timFct: (0 0 0 0 )valid: (0 0 0 0 )
  absDelay:   history-valid: (0 0 1 0 0 0 0 0 )history-timFct: (0 0 0 0 0 0 0 0 )buffer-valid: (0 0 0 0 0 0 0 0 )buffer-brID: (0 0 1 0 0 0 0 0 )
ROB:
  head: 1, tail: 1
  idle: (#f #f #f #f ), waiting: (#t #f #f #f )
  executing: (#f #f #f #f ), finished: (#f #t #t #t )
  pc: (12 1 2 11 ), op: (3 1 5 3 ), brID: (4 1 2 3 )
  underSpec: (#t #f #f #t ), specBr-ROBlink: (2 0 0 2 )



datainReady: #f  ROBlink: (bv #b00 2)
datainReady: #f  ROBlink: (bv #b00 2)
datainReady: #t  ROBlink: (bv #b00 2)
squash-E: #f  misPredBr-ROBlink-E: (bv #b00 2)  misPredBr-brID-E: (bv #xf 4)  nextPC-E: (bv #x0 4)
---->pc: (bv #xd 4)  underSpec: #t  specBr-ROBlink: (bv #b01 2)
CPU:
debug-commitLog: ((0 1 3) (1 0 1))  underSpec: #t  specBr-ROBlink(bv #b01 2)
memi: history: (0 1 2 11 12 13 9 2 11 12 )
Dcache:
  history: (0 0 1 0 0 0 0 0 )(0 0 0 0 0 0 0 0 ), invisi: (0 0 0 1 1 0 0 0 )(0 0 0 3 3 0 0 0 )
  absArbiter: timFct: (0 0 0 0 )valid: (0 0 0 0 )
  absDelay:   history-valid: (0 0 0 1 0 0 0 0 )history-timFct: (0 0 0 3 0 0 0 0 )buffer-valid: (0 0 0 0 0 0 0 0 )buffer-brID: (0 0 0 3 0 0 0 0 )
adder:
  absArbiter: timFct: (0 0 0 0 )valid: (0 0 0 0 )
  absDelay:   history-valid: (0 0 1 0 0 0 0 0 )history-timFct: (0 0 0 0 0 0 0 0 )buffer-valid: (0 0 0 0 0 0 0 0 )buffer-brID: (0 0 1 0 0 0 0 0 )
ROB:
  head: 2, tail: 2
  idle: (#f #f #f #f ), waiting: (#f #t #f #f )
  executing: (#f #f #f #f ), finished: (#t #f #t #t )
  pc: (12 13 2 11 ), op: (3 5 5 3 ), brID: (4 5 2 3 )
  underSpec: (#t #t #f #t ), specBr-ROBlink: (2 2 0 2 )



datainReady: #f  ROBlink: (bv #b00 2)
datainReady: #f  ROBlink: (bv #b00 2)
datainReady: #f  ROBlink: (bv #b00 2)
squash-E: #f  misPredBr-ROBlink-E: (bv #b00 2)  misPredBr-brID-E: (bv #xf 4)  nextPC-E: (bv #x0 4)
CPU:
debug-commitLog: ((0 1 3) (1 0 1) (2))  underSpec: #f  specBr-ROBlink(bv #b01 2)
memi: history: (0 1 2 11 12 13 9 2 11 12 3 4 )
Dcache:
  history: (0 0 1 0 0 0 0 0 )(0 0 0 0 0 0 0 0 ), invisi: (0 0 0 1 1 0 0 0 )(0 0 0 3 3 0 0 0 )
  absArbiter: timFct: (0 0 0 0 )valid: (0 0 0 0 )
  absDelay:   history-valid: (0 0 0 1 0 0 0 0 )history-timFct: (0 0 0 3 0 0 0 0 )buffer-valid: (0 0 0 0 0 0 0 0 )buffer-brID: (0 0 0 0 0 0 0 0 )
adder:
  absArbiter: timFct: (0 0 0 0 )valid: (0 0 0 0 )
  absDelay:   history-valid: (0 0 0 0 0 0 0 0 )history-timFct: (0 0 0 0 0 0 0 0 )buffer-valid: (0 0 0 0 0 0 0 0 )buffer-brID: (0 0 0 0 0 0 0 0 )
ROB:
  head: 0, tail: 0
  idle: (#t #t #t #t ), waiting: (#f #f #f #f )
  executing: (#f #f #f #f ), finished: (#f #f #f #f )
  pc: (0 0 0 0 ), op: (0 0 0 0 ), brID: (0 0 0 0 )
  underSpec: (#f #f #f #f ), specBr-ROBlink: (0 0 0 0 )



datainReady: #f  ROBlink: (bv #b00 2)
datainReady: #f  ROBlink: (bv #b00 2)
datainReady: #f  ROBlink: (bv #b00 2)
squash-E: #f  misPredBr-ROBlink-E: (bv #b00 2)  misPredBr-brID-E: (bv #xf 4)  nextPC-E: (bv #x0 4)
---->pc: (bv #x3 4)  underSpec: #f  specBr-ROBlink: (bv #b00 2)
---->pc: (bv #x4 4)  underSpec: #f  specBr-ROBlink: (bv #b01 2)
CPU:
debug-commitLog: ((0 1 3) (1 0 1) (2))  underSpec: #f  specBr-ROBlink(bv #b01 2)
memi: history: (0 1 2 11 12 13 9 2 11 12 3 4 5 6 )
Dcache:
  history: (0 0 1 0 0 0 0 0 )(0 0 0 0 0 0 0 0 ), invisi: (0 0 0 1 1 0 0 0 )(0 0 0 3 3 0 0 0 )
  absArbiter: timFct: (0 0 0 0 )valid: (0 0 0 0 )
  absDelay:   history-valid: (0 0 0 1 0 0 0 0 )history-timFct: (0 0 0 3 0 0 0 0 )buffer-valid: (0 0 0 0 0 0 0 0 )buffer-brID: (0 0 0 0 0 0 0 0 )
adder:
  absArbiter: timFct: (0 0 0 0 )valid: (0 0 0 0 )
  absDelay:   history-valid: (0 0 0 0 0 0 0 0 )history-timFct: (0 0 0 0 0 0 0 0 )buffer-valid: (0 0 0 0 0 0 0 0 )buffer-brID: (0 0 0 0 0 0 0 0 )
ROB:
  head: 0, tail: 2
  idle: (#f #f #t #t ), waiting: (#t #t #f #f )
  executing: (#f #f #f #f ), finished: (#f #f #f #f )
  pc: (3 4 0 0 ), op: (2 3 0 0 ), brID: (6 7 0 0 )
  underSpec: (#f #f #f #f ), specBr-ROBlink: (1 1 0 0 )



datainReady: #f  ROBlink: (bv #b00 2)
datainReady: #t  ROBlink: (bv #b00 2)
datainReady: #t  ROBlink: (bv #b01 2)
squash-E: #f  misPredBr-ROBlink-E: (bv #b00 2)  misPredBr-brID-E: (bv #xf 4)  nextPC-E: (bv #x0 4)
return ROBlink: (bv #b00 2)
Finish SMT Result Evaluation.
cfg: memi:
(0-th INST  Ld 14 2 1 : Reg[1] <- Mem[Reg[2]]
1-th INST Add 15 0 0 : Reg[0] <- Reg[3] + Reg[0]
2-th INST  Br 9 0 2 : If (Reg[0]==0) PC <- PC + 9
3-th INST Mul 13 1 1 : Reg[1] <- Reg[1] * Reg[1]
4-th INST  Ld 15 3 0 : Reg[0] <- Mem[Reg[3]]
5-th INST Add 12 0 3 : Reg[3] <- Reg[0] + Reg[0]
6-th INST Mul 5 1 1 : Reg[1] <- Reg[1] * Reg[1]
7-th INST  Li 1 2 2 : Reg[2] <- 1
8-th INST Mul 14 2 1 : Reg[1] <- Reg[2] * Reg[2]
9-th INST  Br 9 1 2 : If (Reg[1]==0) PC <- PC + 9
10-th INST Mul 11 2 1 : Reg[1] <- Reg[3] * Reg[2]
11-th INST  Ld 13 1 2 : Reg[2] <- Mem[Reg[1]]
12-th INST  Ld 7 3 1 : Reg[1] <- Mem[Reg[3]]
13-th INST  Br 12 2 2 : If (Reg[2]==0) PC <- PC + 12
14-th INST  Br 0 0 0 : If (Reg[0]==0) PC <- PC + 0
15-th INST  Ld 0 0 0 : Reg[0] <- Mem[Reg[0]]
)rf: (14 3 0 3 )
memd-0: (2 0 0 0 ) memd-1: (3 0 0 0 )

ISASimulator-0: memi: history: (0 1 2 3 4 5 6 7 8 9 10 11 )
memd: history: (0: 0, 4: 3, 11: 0, )  array: (2 0 0 0 )

ISASimulator-1: memi: history: (0 1 2 3 4 5 6 7 8 9 10 11 )
memd: history: (0: 0, 4: 3, 11: 0, )  array: (3 0 0 0 )

CPU-0: debug-commitLog: ((0 1 2) (1 0 1) (2))  underSpec: #f  specBr-ROBlink(bv #b01 2)
memi: history: (0 1 2 11 12 13 9 2 11 12 3 4 5 6 7 8 )
Dcache:
  history: (0 0 1 0 0 0 0 1 )(0 0 0 0 0 0 0 3 ), invisi: (0 0 0 1 1 0 0 0 )(0 0 0 2 3 0 0 0 )
  absArbiter: timFct: (0 0 0 0 )valid: (0 0 0 0 )
  absDelay:   history-valid: (0 0 0 1 0 0 0 1 )history-timFct: (0 0 0 2 0 0 0 3 )buffer-valid: (0 0 0 0 0 0 0 0 )buffer-brID: (0 0 0 0 0 0 0 7 )
adder:
  absArbiter: timFct: (0 0 0 0 )valid: (0 0 0 0 )
  absDelay:   history-valid: (0 0 0 0 0 0 0 0 )history-timFct: (0 0 0 0 0 0 0 0 )buffer-valid: (0 0 0 0 0 0 0 0 )buffer-brID: (0 0 0 0 0 0 0 0 )
ROB:
  head: 0, tail: 2
  idle: (#f #f #t #t ), waiting: (#f #f #f #f )
  executing: (#f #f #f #f ), finished: (#t #t #f #f )
  pc: (3 4 0 0 ), op: (2 3 0 0 ), brID: (6 7 0 0 )
  underSpec: (#f #f #f #f ), specBr-ROBlink: (1 1 0 0 )


CPU-1: debug-commitLog: ((0 1 3) (1 0 1) (2))  underSpec: #f  specBr-ROBlink(bv #b01 2)
memi: history: (0 1 2 11 12 13 9 2 11 12 3 4 5 6 7 8 )
Dcache:
  history: (0 0 1 0 0 0 0 1 )(0 0 0 0 0 0 0 3 ), invisi: (0 0 0 1 1 0 0 0 )(0 0 0 3 3 0 0 0 )
  absArbiter: timFct: (0 0 0 0 )valid: (0 0 0 0 )
  absDelay:   history-valid: (0 0 0 1 0 0 0 1 )history-timFct: (0 0 0 3 0 0 0 3 )buffer-valid: (0 0 0 0 0 0 0 1 )buffer-brID: (0 0 0 0 0 0 0 7 )
adder:
  absArbiter: timFct: (0 0 0 0 )valid: (0 0 0 0 )
  absDelay:   history-valid: (0 0 0 0 0 0 0 0 )history-timFct: (0 0 0 0 0 0 0 0 )buffer-valid: (0 0 0 0 0 0 0 0 )buffer-brID: (0 0 0 0 0 0 0 0 )
ROB:
  head: 0, tail: 2
  idle: (#f #f #t #t ), waiting: (#f #f #f #f )
  executing: (#f #t #f #f ), finished: (#t #f #f #f )
  pc: (3 4 0 0 ), op: (2 3 0 0 ), brID: (6 7 0 0 )
  underSpec: (#f #f #f #f ), specBr-ROBlink: (1 1 0 0 )


[       OK ] "get-bug-info" (22561ms cpu) (650714ms real) (337181 terms)
1 success(es) 0 failure(s) 0 error(s) 1 test(s) run
cpu time: 22562 real time: 650714 gc time: 2541
0
1 test passed
root@0691dfed0aa1:/vagrant#

